MPASM  5.51                          MAIN.ASM   5-12-2020  11:51:19         PAGE  1


LOC  OBJECT CODE     LINE SOURCE TEXT
  VALUE

                      00001         include <p16f887.inc>
                      00001         LIST
                      00002 
                      00003 ;==========================================================================
                      00004 ;  MPASM PIC16F887 processor include
                      00005 ; 
                      00006 ;  (c) Copyright 1999-2013 Microchip Technology, All rights reserved
                      00007 ;==========================================================================
                      00008 
                      00809         LIST
                      00002         list p=16f887
2007   2FF4           00003         __config _CONFIG1, 0x2FF4
2008   3FFF           00004         __config _CONFIG2, 0x3FFF
                      00005         
                      00006         #define LED_RED B'00000001'; bit 0
                      00007         #define LED_YELLOW 0X02; bit 1
                      00008         #define LED_GREEN 0x04 ; bit2
                      00009         #define LED_BLUE 0x08; bit3
                      00010         #define MOVE_VETOR_SIZE .32
                      00011 
                      00012         cblock 0x20
  00000020            00013                 led_cnt
  00000021            00014                 aux
  00000022            00015                 level ;level = 0(facil), 1(dificil)
  00000023            00016                 valor_sorteado
                      00017         endc
                      00018 
                      00019         cblock 0x40
  00000040            00020                 move_vetor: MOVE_VETOR_SIZE
  00000060            00021                 move_index
  00000061            00022                 move
  00000062            00023                 exibe_index
                      00024         endc
                      00025 
0000                  00026         org 0x00                ;vetor de reset
0000   2805           00027         goto Setup
                      00028 
0004                  00029         org 0x04                ;vetor de interrupção
0004   0009           00030         retfie
                      00031 
0005                  00032 Setup:
0005   1683           00033         bsf STATUS, RP0 ; bank1
0006   30F0           00034         movlw b'11110000'
Message[302]: Register in operand not in bank 0.  Ensure that bank bits are correct.
0007   0085           00035         movwf TRISA     ; ra0-ra3 como saida 
Message[302]: Register in operand not in bank 0.  Ensure that bank bits are correct.
0008   1606           00036         bsf   TRISB, TRISB4 ; botão de start (entrada)
Message[302]: Register in operand not in bank 0.  Ensure that bank bits are correct.
0009   1686           00037         bsf   TRISB, TRISB5 ; seleção de nível (entrda)
000A   1703           00038         bsf STATUS, RP1 ; bank3
Message[302]: Register in operand not in bank 0.  Ensure that bank bits are correct.
000B   0188           00039         clrf ANSEL              ; AN0-AN7 como IO digital
Message[302]: Register in operand not in bank 0.  Ensure that bank bits are correct.
MPASM  5.51                          MAIN.ASM   5-12-2020  11:51:19         PAGE  2


LOC  OBJECT CODE     LINE SOURCE TEXT
  VALUE

000C   0189           00040         clrf ANSELH             ; AN8-AN13 como IO digital
000D   1303           00041         bcf STATUS, RP1
000E   1283           00042         bcf STATUS, RP0 ; bank0 
000F   01E0           00043         clrf move_index
0010                  00044 Loop:
                      00045         ;call RotinaInicializacao
                      00046 
0010   2022           00047         call SorteiaMovimento
0011   00E1           00048         movwf move
0012   2036           00049         call ArmazenaMovimento
                      00050         
0013   2045           00051         call ExibeSequencia
0014   2810           00052         goto Loop
                      00053 
                      00054 ;       btfss PORTB, RB4 ;testa botão start
                      00055         ;goto Loop
                      00056 
0015   1E86           00057         btfss PORTB, RB5 ; testa seleção de dificuldade
0016   2819           00058         goto SetLevelEasy
0017   1422           00059         bsf level, 0    ; level = 1 (dificil)
0018   281A           00060         goto ExitTestLevel
0019                  00061 SetLevelEasy
0019   1022           00062         bcf level, 0  ; level = 0 (facil)
                      00063 
001A                  00064 ExitTestLevel
                      00065 
                      00066         ;SorteioMovimento
                      00067         ;ArmezenaMovimento
                      00068         ;ExibeMovimento
                      00069         ;ExibeSequencia 
                      00070 
                      00071         ;Delay 1cy
001A   0000           00072         nop
                      00073         ;Delay 2cy
001B   281C           00074         goto $+1
                      00075         
                      00076         ;Delay 4cy
001C   2053           00077         call Delay4cy
                      00078         
                      00079         ;Delay 8cy
001D   2054           00080         call Delay8cy
                      00081 
                      00082         ;Loop de delay
001E   3000           00083         movlw .0
001F   00A1           00084         movwf aux
0020   0BA1           00085         decfsz aux, F
0021   2820           00086         goto $-1
                      00087         
                      00088         ;1+1+(1+2)*(x-1) + 2
                      00089         ;3*(x-1) + 4
                      00090         ;3*x + 1
                      00091 
                      00092 
MPASM  5.51                          MAIN.ASM   5-12-2020  11:51:19         PAGE  3


LOC  OBJECT CODE     LINE SOURCE TEXT
  VALUE

                      00093 ;----Função SorteiaMovimento---------
0022                  00094 SorteiaMovimento:
0022   3E08           00095         addlw .8
0023   00A3           00096         movwf valor_sorteado
0024   3003           00097         movlw B'00000011' ;mascara
0025   05A3           00098         andwf valor_sorteado, F ;filtro
                      00099         
0026                  00100 TesteValor0
0026   3000           00101         movlw .0
0027   0223           00102         subwf valor_sorteado, W
0028   1D03           00103         btfss STATUS, Z
0029   282B           00104         goto TesteValor1
002A   3401           00105         retlw LED_RED
                      00106 
002B                  00107 TesteValor1
002B   3001           00108         movlw .1
002C   0223           00109         subwf valor_sorteado, W
002D   1D03           00110         btfss STATUS, Z
002E   2830           00111         goto TesteValor2
002F   3402           00112         retlw LED_YELLOW
                      00113 
0030                  00114 TesteValor2
0030   3002           00115         movlw .2
0031   0223           00116         subwf valor_sorteado, W
0032   1D03           00117         btfss STATUS, Z
0033   2835           00118         goto TesteValor3
0034   3404           00119         retlw LED_GREEN
                      00120 
0035                  00121 TesteValor3
0035   3408           00122         retlw LED_BLUE
                      00123 
                      00124 ;---------------------------------
                      00125 
                      00126 ;-----Funçao ArmazenaMovimento----
                      00127 ;Argumentos: move
0036                  00128 ArmazenaMovimento:
0036   1383           00129         bcf STATUS, IRP ;banco 0 ou 1
0037   3040           00130         movlw move_vetor
0038   0084           00131         movwf FSR
0039   0860           00132         movf move_index, W
003A   0784           00133         addwf FSR, F
003B   0861           00134         movf move, W
003C   0080           00135         movwf INDF
003D   0AE0           00136         incf move_index, F
003E   0008           00137         return
                      00138 ;---------------------------------
                      00139 
                      00140 
                      00141 ;---Função ExibeMovimento---------
                      00142 ;Argumento: move
003F                  00143 ExibeMovimento:
003F   0861           00144         movf move, W
0040   0085           00145         movwf PORTA
MPASM  5.51                          MAIN.ASM   5-12-2020  11:51:19         PAGE  4


LOC  OBJECT CODE     LINE SOURCE TEXT
  VALUE

                      00146         ;emite som (depois)
0041   2044           00147         call Delay_500ms ;fake
0042   0185           00148         clrf PORTA
0043   0008           00149         return
                      00150 ;---------------------------------
                      00151 
                      00152 ;------Delay 500ms ---------------
                      00153 ;Temporaria
0044                  00154 Delay_500ms:
0044   0008           00155         return
                      00156 
                      00157 ;---------------------------------      
                      00158         
                      00159 ;------Função ExibeSequencia------
0045                  00160 ExibeSequencia:
0045   3040           00161         movlw move_vetor
0046   0084           00162         movwf FSR
0047   1383           00163         bcf STATUS, IRP
0048   01E2           00164         clrf exibe_index
0049                  00165 LoopExibe:
0049   0800           00166         movf INDF, W
004A   00E1           00167         movwf move
004B   203F           00168         call ExibeMovimento
004C   0A84           00169         incf FSR, F
004D   0AE2           00170         incf exibe_index, F
004E   0860           00171         movf move_index, W
004F   0262           00172         subwf exibe_index, W
0050   1D03           00173         btfss STATUS, Z
0051   2849           00174         goto LoopExibe
0052   0008           00175         return
                      00176 
                      00177 ;---------------------------------
                      00178 
0053                  00179 Delay4cy
0053   0008           00180         return
                      00181 
0054                  00182 Delay8cy
0054   2053           00183         call Delay4cy
0055   0008           00184         return
                      00185 
                      00186 
0056   2810           00187         goto Loop
                      00188 
                      00189 
0057                  00190 RotinaInicializacao:
0057   300F           00191         movlw b'00001111'       ; mascara or
0058   0485           00192         iorwf PORTA, F          ; aplica mascara
0059   2085           00193         call Delay_1s
005A   01A0           00194         clrf led_cnt            ;limpa registrador
005B                  00195 LedLoop:        
005B   3000           00196         movlw .0
005C   0220           00197         subwf led_cnt, W    ;compara led_cnt com 0
005D   1903           00198         btfsc STATUS, Z
MPASM  5.51                          MAIN.ASM   5-12-2020  11:51:19         PAGE  5


LOC  OBJECT CODE     LINE SOURCE TEXT
  VALUE

005E   2871           00199         goto Led_0
                      00200         
005F   3001           00201         movlw .1
0060   0220           00202         subwf led_cnt, W    ;compara led_cnt com 1
0061   1903           00203         btfsc STATUS, Z
0062   2876           00204         goto Led_1
                      00205 
0063   3002           00206         movlw .2
0064   0220           00207         subwf led_cnt, W    ;compara led_cnt com 2
0065   1903           00208         btfsc STATUS, Z
0066   287B           00209         goto Led_2
                      00210 
0067   3003           00211         movlw .3
0068   0220           00212         subwf led_cnt, W    ;compara led_cnt com 3
0069   1903           00213         btfsc STATUS, Z
006A   2880           00214         goto Led_3
                      00215 
006B   3004           00216         movlw .4
006C   0220           00217         subwf led_cnt, W    ;compara led_cnt com 4
006D   1D03           00218         btfss STATUS, Z
006E   285B           00219         goto LedLoop
006F   0185           00220         clrf PORTA
0070   0008           00221         return
                      00222 
0071                  00223 Led_0:
0071   3001           00224         movlw 0x01
0072   0085           00225         movwf PORTA
0073   2087           00226         call Delay_200ms
0074   0AA0           00227         incf led_cnt, F
0075   285B           00228         goto LedLoop
                      00229 
0076                  00230 Led_1:
0076   3002           00231         movlw 0x02
0077   0085           00232         movwf PORTA
0078   2087           00233         call Delay_200ms
0079   0AA0           00234         incf led_cnt, F
007A   285B           00235         goto LedLoop
                      00236 
007B                  00237 Led_2:
007B   3004           00238         movlw 0x04
007C   0085           00239         movwf PORTA
007D   2087           00240         call Delay_200ms
007E   0AA0           00241         incf led_cnt, F
007F   285B           00242         goto LedLoop
                      00243 
0080                  00244 Led_3:
0080   3008           00245         movlw 0x08
0081   0085           00246         movwf PORTA
0082   2087           00247         call Delay_200ms
0083   0AA0           00248         incf led_cnt, F
0084   285B           00249         goto LedLoop
                      00250         
                      00251         
MPASM  5.51                          MAIN.ASM   5-12-2020  11:51:19         PAGE  6


LOC  OBJECT CODE     LINE SOURCE TEXT
  VALUE

                      00252 
                      00253         
                      00254         
                      00255 
0085                  00256 Delay_1s
0085   0000           00257         nop
0086   0008           00258         return
                      00259 
0087                  00260 Delay_200ms
0087   0000           00261         nop
0088   0008           00262         return
                      00263         
                      00264         end
MPASM  5.51                          MAIN.ASM   5-12-2020  11:51:19         PAGE  7


SYMBOL TABLE
  LABEL                             VALUE 

ABDEN                             00000000
ABDOVF                            00000007
ACKDT                             00000005
ACKEN                             00000004
ACKSTAT                           00000006
ADCON0                            0000001F
ADCON1                            0000009F
ADCS0                             00000006
ADCS1                             00000007
ADDEN                             00000003
ADFM                              00000007
ADIE                              00000006
ADIF                              00000006
ADON                              00000000
ADRESH                            0000001E
ADRESL                            0000009E
ANS0                              00000000
ANS1                              00000001
ANS10                             00000002
ANS11                             00000003
ANS12                             00000004
ANS13                             00000005
ANS2                              00000002
ANS3                              00000003
ANS4                              00000004
ANS5                              00000005
ANS6                              00000006
ANS7                              00000007
ANS8                              00000000
ANS9                              00000001
ANSEL                             00000188
ANSELH                            00000189
ArmazenaMovimento                 00000036
BAUDCTL                           00000187
BCLIE                             00000003
BCLIF                             00000003
BF                                00000000
BRG0                              00000000
BRG1                              00000001
BRG10                             00000002
BRG11                             00000003
BRG12                             00000004
BRG13                             00000005
BRG14                             00000006
BRG15                             00000007
BRG16                             00000003
BRG2                              00000002
BRG3                              00000003
BRG4                              00000004
BRG5                              00000005
BRG6                              00000006
BRG7                              00000007
BRG8                              00000000
MPASM  5.51                          MAIN.ASM   5-12-2020  11:51:19         PAGE  8


SYMBOL TABLE
  LABEL                             VALUE 

BRG9                              00000001
BRGH                              00000002
C                                 00000000
C1CH0                             00000000
C1CH1                             00000001
C1IE                              00000005
C1IF                              00000005
C1OE                              00000005
C1ON                              00000007
C1OUT                             00000006
C1POL                             00000004
C1R                               00000002
C1RSEL                            00000005
C1SEN                             00000005
C2CH0                             00000000
C2CH1                             00000001
C2IE                              00000006
C2IF                              00000006
C2OE                              00000005
C2ON                              00000007
C2OUT                             00000006
C2POL                             00000004
C2R                               00000002
C2REN                             00000004
C2RSEL                            00000004
C2SYNC                            00000000
CCP1CON                           00000017
CCP1IE                            00000002
CCP1IF                            00000002
CCP1M0                            00000000
CCP1M1                            00000001
CCP1M2                            00000002
CCP1M3                            00000003
CCP1X                             00000005
CCP1Y                             00000004
CCP2CON                           0000001D
CCP2IE                            00000000
CCP2IF                            00000000
CCP2M0                            00000000
CCP2M1                            00000001
CCP2M2                            00000002
CCP2M3                            00000003
CCP2X                             00000005
CCP2Y                             00000004
CCPR1                             00000015
CCPR1H                            00000016
CCPR1L                            00000015
CCPR2                             0000001B
CCPR2H                            0000001C
CCPR2L                            0000001B
CHS0                              00000002
CHS1                              00000003
CHS2                              00000004
MPASM  5.51                          MAIN.ASM   5-12-2020  11:51:19         PAGE  9


SYMBOL TABLE
  LABEL                             VALUE 

CHS3                              00000005
CKE                               00000006
CKP                               00000004
CM1CON0                           00000107
CM2CON0                           00000108
CM2CON1                           00000109
CREN                              00000004
CSRC                              00000007
D                                 00000005
DATA_ADDRESS                      00000005
DC                                00000001
DC1B0                             00000004
DC1B1                             00000005
DC2B0                             00000004
DC2B1                             00000005
D_A                               00000005
D_NOT_A                           00000005
Delay4cy                          00000053
Delay8cy                          00000054
Delay_1s                          00000085
Delay_200ms                       00000087
Delay_500ms                       00000044
ECCPAS                            0000009C
ECCPAS0                           00000004
ECCPAS1                           00000005
ECCPAS2                           00000006
ECCPASE                           00000007
EEADR                             0000010D
EEADRH                            0000010F
EECON1                            0000018C
EECON2                            0000018D
EEDAT                             0000010C
EEDATA                            0000010C
EEDATH                            0000010E
EEIE                              00000004
EEIF                              00000004
EEPGD                             00000007
ExibeMovimento                    0000003F
ExibeSequencia                    00000045
ExitTestLevel                     0000001A
F                                 00000001
FERR                              00000002
FSR                               00000004
FVREN                             00000000
GCEN                              00000007
GIE                               00000007
GO                                00000001
GO_DONE                           00000001
GO_NOT_DONE                       00000001
HTS                               00000002
I2C_DATA                          00000005
I2C_READ                          00000002
I2C_START                         00000003
MPASM  5.51                          MAIN.ASM   5-12-2020  11:51:19         PAGE 10


SYMBOL TABLE
  LABEL                             VALUE 

I2C_STOP                          00000004
INDF                              00000000
INTCON                            0000000B
INTE                              00000004
INTEDG                            00000006
INTF                              00000001
IOCB                              00000096
IOCB0                             00000000
IOCB1                             00000001
IOCB2                             00000002
IOCB3                             00000003
IOCB4                             00000004
IOCB5                             00000005
IOCB6                             00000006
IOCB7                             00000007
IRCF0                             00000004
IRCF1                             00000005
IRCF2                             00000006
IRP                               00000007
LED_BLUE                          0x08
LED_GREEN                         0x04
LED_RED                           B'00000001'
LED_YELLOW                        0X02
LTS                               00000001
LedLoop                           0000005B
Led_0                             00000071
Led_1                             00000076
Led_2                             0000007B
Led_3                             00000080
Loop                              00000010
LoopExibe                         00000049
MC1OUT                            00000007
MC2OUT                            00000006
MOVE_VETOR_SIZE                   .32
MSK                               00000093
MSK0                              00000000
MSK1                              00000001
MSK2                              00000002
MSK3                              00000003
MSK4                              00000004
MSK5                              00000005
MSK6                              00000006
MSK7                              00000007
NOT_A                             00000005
NOT_ADDRESS                       00000005
NOT_BO                            00000000
NOT_BOR                           00000000
NOT_DONE                          00000001
NOT_PD                            00000003
NOT_POR                           00000001
NOT_RBPU                          00000007
NOT_RC8                           00000006
NOT_T1SYNC                        00000002
MPASM  5.51                          MAIN.ASM   5-12-2020  11:51:19         PAGE 11


SYMBOL TABLE
  LABEL                             VALUE 

NOT_TO                            00000004
NOT_TX8                           00000006
NOT_W                             00000002
NOT_WRITE                         00000002
OERR                              00000001
OPTION_REG                        00000081
OSCCON                            0000008F
OSCTUNE                           00000090
OSFIE                             00000007
OSFIF                             00000007
OSTS                              00000003
P                                 00000004
P1M0                              00000006
P1M1                              00000007
PCL                               00000002
PCLATH                            0000000A
PCON                              0000008E
PDC0                              00000000
PDC1                              00000001
PDC2                              00000002
PDC3                              00000003
PDC4                              00000004
PDC5                              00000005
PDC6                              00000006
PEIE                              00000006
PEN                               00000002
PIE1                              0000008C
PIE2                              0000008D
PIR1                              0000000C
PIR2                              0000000D
PORTA                             00000005
PORTB                             00000006
PORTC                             00000007
PORTD                             00000008
PORTE                             00000009
PR2                               00000092
PRSEN                             00000007
PS0                               00000000
PS1                               00000001
PS2                               00000002
PSA                               00000003
PSSAC0                            00000002
PSSAC1                            00000003
PSSBD0                            00000000
PSSBD1                            00000001
PSTRCON                           0000009D
PULSR                             00000002
PULSS                             00000003
PWM1CON                           0000009B
R                                 00000002
RA0                               00000000
RA1                               00000001
RA2                               00000002
MPASM  5.51                          MAIN.ASM   5-12-2020  11:51:19         PAGE 12


SYMBOL TABLE
  LABEL                             VALUE 

RA3                               00000003
RA4                               00000004
RA5                               00000005
RA6                               00000006
RA7                               00000007
RB0                               00000000
RB1                               00000001
RB2                               00000002
RB3                               00000003
RB4                               00000004
RB5                               00000005
RB6                               00000006
RB7                               00000007
RBIE                              00000003
RBIF                              00000000
RC0                               00000000
RC1                               00000001
RC2                               00000002
RC3                               00000003
RC4                               00000004
RC5                               00000005
RC6                               00000006
RC7                               00000007
RC8_9                             00000006
RC9                               00000006
RCD8                              00000000
RCEN                              00000003
RCIDL                             00000006
RCIE                              00000005
RCIF                              00000005
RCREG                             0000001A
RCSTA                             00000018
RD                                00000000
RD0                               00000000
RD1                               00000001
RD2                               00000002
RD3                               00000003
RD4                               00000004
RD5                               00000005
RD6                               00000006
RD7                               00000007
RE0                               00000000
RE1                               00000001
RE2                               00000002
RE3                               00000003
READ_WRITE                        00000002
RP0                               00000005
RP1                               00000006
RSEN                              00000001
RX9                               00000006
RX9D                              00000000
R_NOT_W                           00000002
R_W                               00000002
MPASM  5.51                          MAIN.ASM   5-12-2020  11:51:19         PAGE 13


SYMBOL TABLE
  LABEL                             VALUE 

RotinaInicializacao               00000057
S                                 00000003
SBOREN                            00000004
SCKP                              00000004
SCS                               00000000
SEN                               00000000
SENDB                             00000003
SMP                               00000007
SPBRG                             00000099
SPBRGH                            0000009A
SPEN                              00000007
SR0                               00000006
SR1                               00000007
SRCON                             00000185
SREN                              00000005
SSPADD                            00000093
SSPBUF                            00000013
SSPCON                            00000014
SSPCON2                           00000091
SSPEN                             00000005
SSPIE                             00000003
SSPIF                             00000003
SSPM0                             00000000
SSPM1                             00000001
SSPM2                             00000002
SSPM3                             00000003
SSPMSK                            00000093
SSPOV                             00000006
SSPSTAT                           00000094
STATUS                            00000003
STRA                              00000000
STRB                              00000001
STRC                              00000002
STRD                              00000003
STRSYNC                           00000004
SWDTEN                            00000000
SYNC                              00000004
SetLevelEasy                      00000019
Setup                             00000005
SorteiaMovimento                  00000022
T0CS                              00000005
T0IE                              00000005
T0IF                              00000002
T0SE                              00000004
T1CKPS0                           00000004
T1CKPS1                           00000005
T1CON                             00000010
T1GINV                            00000007
T1GIV                             00000007
T1GSS                             00000001
T1INSYNC                          00000002
T1OSCEN                           00000003
T1SYNC                            00000002
MPASM  5.51                          MAIN.ASM   5-12-2020  11:51:19         PAGE 14


SYMBOL TABLE
  LABEL                             VALUE 

T2CKPS0                           00000000
T2CKPS1                           00000001
T2CON                             00000012
TMR0                              00000001
TMR0IE                            00000005
TMR0IF                            00000002
TMR1                              0000000E
TMR1CS                            00000001
TMR1GE                            00000006
TMR1H                             0000000F
TMR1IE                            00000000
TMR1IF                            00000000
TMR1L                             0000000E
TMR1ON                            00000000
TMR2                              00000011
TMR2IE                            00000001
TMR2IF                            00000001
TMR2ON                            00000002
TOUTPS0                           00000003
TOUTPS1                           00000004
TOUTPS2                           00000005
TOUTPS3                           00000006
TRISA                             00000085
TRISA0                            00000000
TRISA1                            00000001
TRISA2                            00000002
TRISA3                            00000003
TRISA4                            00000004
TRISA5                            00000005
TRISA6                            00000006
TRISA7                            00000007
TRISB                             00000086
TRISB0                            00000000
TRISB1                            00000001
TRISB2                            00000002
TRISB3                            00000003
TRISB4                            00000004
TRISB5                            00000005
TRISB6                            00000006
TRISB7                            00000007
TRISC                             00000087
TRISC0                            00000000
TRISC1                            00000001
TRISC2                            00000002
TRISC3                            00000003
TRISC4                            00000004
TRISC5                            00000005
TRISC6                            00000006
TRISC7                            00000007
TRISD                             00000088
TRISD0                            00000000
TRISD1                            00000001
TRISD2                            00000002
MPASM  5.51                          MAIN.ASM   5-12-2020  11:51:19         PAGE 15


SYMBOL TABLE
  LABEL                             VALUE 

TRISD3                            00000003
TRISD4                            00000004
TRISD5                            00000005
TRISD6                            00000006
TRISD7                            00000007
TRISE                             00000089
TRISE0                            00000000
TRISE1                            00000001
TRISE2                            00000002
TRISE3                            00000003
TRMT                              00000001
TUN0                              00000000
TUN1                              00000001
TUN2                              00000002
TUN3                              00000003
TUN4                              00000004
TX8_9                             00000006
TX9                               00000006
TX9D                              00000000
TXD8                              00000000
TXEN                              00000005
TXIE                              00000004
TXIF                              00000004
TXREG                             00000019
TXSTA                             00000098
TesteValor0                       00000026
TesteValor1                       0000002B
TesteValor2                       00000030
TesteValor3                       00000035
UA                                00000001
ULPWUE                            00000005
ULPWUIE                           00000002
ULPWUIF                           00000002
VCFG0                             00000004
VCFG1                             00000005
VR0                               00000000
VR1                               00000001
VR2                               00000002
VR3                               00000003
VRCON                             00000097
VREN                              00000007
VROE                              00000006
VRR                               00000005
VRSS                              00000004
W                                 00000000
WCOL                              00000007
WDTCON                            00000105
WDTPS0                            00000001
WDTPS1                            00000002
WDTPS2                            00000003
WDTPS3                            00000004
WPUB                              00000095
WPUB0                             00000000
MPASM  5.51                          MAIN.ASM   5-12-2020  11:51:19         PAGE 16


SYMBOL TABLE
  LABEL                             VALUE 

WPUB1                             00000001
WPUB2                             00000002
WPUB3                             00000003
WPUB4                             00000004
WPUB5                             00000005
WPUB6                             00000006
WPUB7                             00000007
WR                                00000001
WREN                              00000002
WRERR                             00000003
WUE                               00000001
Z                                 00000002
_BOR21V                           00003EFF
_BOR40V                           00003FFF
_BOR4V_BOR21V                     00003EFF
_BOR4V_BOR40V                     00003FFF
_BOREN_NSLEEP                     00003EFF
_BOREN_OFF                        00003CFF
_BOREN_ON                         00003FFF
_BOREN_SBODEN                     00003DFF
_BOR_NSLEEP                       00003EFF
_BOR_OFF                          00003CFF
_BOR_ON                           00003FFF
_BOR_SBODEN                       00003DFF
_CONFIG1                          00002007
_CONFIG2                          00002008
_CPD_OFF                          00003FFF
_CPD_ON                           00003F7F
_CP_OFF                           00003FFF
_CP_ON                            00003FBF
_DEBUG_OFF                        00003FFF
_DEBUG_ON                         00001FFF
_DEVID1                           00002006
_EC_OSC                           00003FFB
_EXTRC                            00003FFF
_EXTRCIO                          00003FFE
_EXTRC_OSC_CLKOUT                 00003FFF
_EXTRC_OSC_NOCLKOUT               00003FFE
_FCMEN_OFF                        000037FF
_FCMEN_ON                         00003FFF
_FOSC_EC                          00003FFB
_FOSC_EXTRC_CLKOUT                00003FFF
_FOSC_EXTRC_NOCLKOUT              00003FFE
_FOSC_HS                          00003FFA
_FOSC_INTRC_CLKOUT                00003FFD
_FOSC_INTRC_NOCLKOUT              00003FFC
_FOSC_LP                          00003FF8
_FOSC_XT                          00003FF9
_HS_OSC                           00003FFA
_IDLOC0                           00002000
_IDLOC1                           00002001
_IDLOC2                           00002002
_IDLOC3                           00002003
MPASM  5.51                          MAIN.ASM   5-12-2020  11:51:19         PAGE 17


SYMBOL TABLE
  LABEL                             VALUE 

_IESO_OFF                         00003BFF
_IESO_ON                          00003FFF
_INTOSC                           00003FFD
_INTOSCIO                         00003FFC
_INTRC_OSC_CLKOUT                 00003FFD
_INTRC_OSC_NOCLKOUT               00003FFC
_LP_OSC                           00003FF8
_LVP_OFF                          00002FFF
_LVP_ON                           00003FFF
_MCLRE_OFF                        00003FDF
_MCLRE_ON                         00003FFF
_PWRTE_OFF                        00003FFF
_PWRTE_ON                         00003FEF
_WDTE_OFF                         00003FF7
_WDTE_ON                          00003FFF
_WDT_OFF                          00003FF7
_WDT_ON                           00003FFF
_WRT_1FOURTH                      00003BFF
_WRT_256                          00003DFF
_WRT_HALF                         000039FF
_WRT_OFF                          00003FFF
_XT_OSC                           00003FF9
__16F887                          00000001
__DEBUG                           1
aux                               00000021
exibe_index                       00000062
led_cnt                           00000020
level                             00000022
move                              00000061
move_index                        00000060
move_vetor                        00000040
valor_sorteado                    00000023


MEMORY USAGE MAP ('X' = Used,  '-' = Unused)

0000 : X---XXXXXXXXXXXX XXXXXXXXXXXXXXXX XXXXXXXXXXXXXXXX XXXXXXXXXXXXXXXX
0040 : XXXXXXXXXXXXXXXX XXXXXXXXXXXXXXXX XXXXXXXXXXXXXXXX XXXXXXXXXXXXXXXX
0080 : XXXXXXXXX------- ---------------- ---------------- ----------------
2000 : -------XX------- ---------------- ---------------- ----------------

All other memory blocks unused.

Program Memory Words Used:   134
Program Memory Words Free:  8058


Errors   :     0
Warnings :     0 reported,     0 suppressed
Messages :     5 reported,     0 suppressed

